Release 14.7 - xst P.20131013 (nt64)
Copyright (c) 1995-2013 Xilinx, Inc.  All rights reserved.
--> Parameter TMPDIR set to xst/projnav.tmp


Total REAL time to Xst completion: 1.00 secs
Total CPU time to Xst completion: 0.41 secs
 
--> Parameter xsthdpdir set to xst


Total REAL time to Xst completion: 1.00 secs
Total CPU time to Xst completion: 0.41 secs
 
--> Reading design: fd.prj

TABLE OF CONTENTS
  1) Synthesis Options Summary
  2) HDL Compilation
  3) Design Hierarchy Analysis
  4) HDL Analysis
  5) HDL Synthesis
     5.1) HDL Synthesis Report
  6) Advanced HDL Synthesis
     6.1) Advanced HDL Synthesis Report
  7) Low Level Synthesis
  8) Partition Report
  9) Final Report
	9.1) Device utilization summary
	9.2) Partition Resource Summary
	9.3) TIMING REPORT


=========================================================================
*                      Synthesis Options Summary                        *
=========================================================================
---- Source Parameters
Input File Name                    : "fd.prj"
Input Format                       : mixed
Ignore Synthesis Constraint File   : NO

---- Target Parameters
Output File Name                   : "fd"
Output Format                      : NGC
Target Device                      : xc3s100e-4-cp132

---- Source Options
Top Module Name                    : fd
Automatic FSM Extraction           : YES
FSM Encoding Algorithm             : Auto
Safe Implementation                : No
FSM Style                          : LUT
RAM Extraction                     : Yes
RAM Style                          : Auto
ROM Extraction                     : Yes
Mux Style                          : Auto
Decoder Extraction                 : YES
Priority Encoder Extraction        : Yes
Shift Register Extraction          : YES
Logical Shifter Extraction         : YES
XOR Collapsing                     : YES
ROM Style                          : Auto
Mux Extraction                     : Yes
Resource Sharing                   : YES
Asynchronous To Synchronous        : NO
Multiplier Style                   : Auto
Automatic Register Balancing       : No

---- Target Options
Add IO Buffers                     : YES
Global Maximum Fanout              : 100000
Add Generic Clock Buffer(BUFG)     : 24
Register Duplication               : YES
Slice Packing                      : YES
Optimize Instantiated Primitives   : NO
Use Clock Enable                   : Yes
Use Synchronous Set                : Yes
Use Synchronous Reset              : Yes
Pack IO Registers into IOBs        : Auto
Equivalent register Removal        : YES

---- General Options
Optimization Goal                  : Speed
Optimization Effort                : 1
Keep Hierarchy                     : No
Netlist Hierarchy                  : As_Optimized
RTL Output                         : Yes
Global Optimization                : AllClockNets
Read Cores                         : YES
Write Timing Constraints           : NO
Cross Clock Analysis               : NO
Hierarchy Separator                : /
Bus Delimiter                      : <>
Case Specifier                     : Maintain
Slice Utilization Ratio            : 100
BRAM Utilization Ratio             : 100
Verilog 2001                       : YES
Auto BRAM Packing                  : NO
Slice Utilization Ratio Delta      : 5

=========================================================================


=========================================================================
*                          HDL Compilation                              *
=========================================================================
Compiling vhdl file "D:/Documentos/PUC-SP/01-2019/DSD/Timer/Timer/divclock.vhd" in Library work.
Architecture exemplo of Entity divclock is up to date.
Compiling vhdl file "D:/Documentos/PUC-SP/01-2019/DSD/Timer/Timer/contador.vhd" in Library work.
Architecture behavioral of Entity contador is up to date.
ERROR:HDLParsers - Cannot rename dependency database for library "work", file is "xst/work/hdpdeps.ref", Temporary database file "D:\Documentos\PUC-SP\01-2019\DSD\Timer\Timer\xst\work\xil_13636_8" will remain.  System error message is:  File exists
Compiling vhdl file "D:/Documentos/PUC-SP/01-2019/DSD/Timer/Timer/contadorcinco.vhd" in Library work.
Architecture behavioral of Entity contadorcinco is up to date.
ERROR:HDLParsers - Cannot rename dependency database for library "work", file is "xst/work/hdpdeps.ref", Temporary database file "D:\Documentos\PUC-SP\01-2019\DSD\Timer\Timer\xst\work\xil_13636_9" will remain.  System error message is:  File exists
Compiling vhdl file "D:/Documentos/PUC-SP/01-2019/DSD/Timer/Timer/hex7seg.vhd" in Library work.
Architecture exemplo of Entity hex7seg is up to date.
ERROR:HDLParsers - Cannot rename dependency database for library "work", file is "xst/work/hdpdeps.ref", Temporary database file "D:\Documentos\PUC-SP\01-2019\DSD\Timer\Timer\xst\work\xil_13636_10" will remain.  System error message is:  File exists
Compiling vhdl file "D:/Documentos/PUC-SP/01-2019/DSD/Timer/Timer/mux.vhd" in Library work.
Architecture behavioral of Entity display is up to date.
ERROR:HDLParsers - Cannot rename dependency database for library "work", file is "xst/work/hdpdeps.ref", Temporary database file "D:\Documentos\PUC-SP\01-2019\DSD\Timer\Timer\xst\work\xil_13636_11" will remain.  System error message is:  File exists
Compiling vhdl file "D:/Documentos/PUC-SP/01-2019/DSD/Timer/Timer/fd.vhd" in Library work.
Architecture arquitetura of Entity fd is up to date.
ERROR:HDLParsers - Cannot rename dependency database for library "work", file is "xst/work/hdpdeps.ref", Temporary database file "D:\Documentos\PUC-SP\01-2019\DSD\Timer\Timer\xst\work\xil_13636_12" will remain.  System error message is:  File exists

=========================================================================
*                     Design Hierarchy Analysis                         *
=========================================================================
Analyzing hierarchy for entity <fd> in library <work> (architecture <arquitetura>).

Analyzing hierarchy for entity <divclock> in library <work> (architecture <exemplo>).

Analyzing hierarchy for entity <contador> in library <work> (architecture <behavioral>).

Analyzing hierarchy for entity <contadorcinco> in library <work> (architecture <behavioral>).

Analyzing hierarchy for entity <hex7seg> in library <work> (architecture <exemplo>).

Analyzing hierarchy for entity <display> in library <work> (architecture <behavioral>).


=========================================================================
*                            HDL Analysis                               *
=========================================================================
Analyzing Entity <fd> in library <work> (Architecture <arquitetura>).
Entity <fd> analyzed. Unit <fd> generated.

Analyzing Entity <divclock> in library <work> (Architecture <exemplo>).
Entity <divclock> analyzed. Unit <divclock> generated.

Analyzing Entity <contador> in library <work> (Architecture <behavioral>).
Entity <contador> analyzed. Unit <contador> generated.

Analyzing Entity <contadorcinco> in library <work> (Architecture <behavioral>).
Entity <contadorcinco> analyzed. Unit <contadorcinco> generated.

Analyzing Entity <hex7seg> in library <work> (Architecture <exemplo>).
Entity <hex7seg> analyzed. Unit <hex7seg> generated.

Analyzing Entity <display> in library <work> (Architecture <behavioral>).
INFO:Xst:1561 - "D:/Documentos/PUC-SP/01-2019/DSD/Timer/Timer/mux.vhd" line 44: Mux is complete : default of case is discarded
WARNING:Xst:819 - "D:/Documentos/PUC-SP/01-2019/DSD/Timer/Timer/mux.vhd" line 37: One or more signals are missing in the process sensitivity list. To enable synthesis of FPGA/CPLD hardware, XST will assume that all necessary signals are present in the sensitivity list. Please note that the result of the synthesis may differ from the initial design specification. The missing signals are:
   <entrada0>, <entrada1>, <entrada2>, <entrada3>
Entity <display> analyzed. Unit <display> generated.


=========================================================================
*                           HDL Synthesis                               *
=========================================================================

Performing bidirectional port resolution...

Synthesizing Unit <divclock>.
    Related source file is "D:/Documentos/PUC-SP/01-2019/DSD/Timer/Timer/divclock.vhd".
    Found 25-bit up counter for signal <IQ>.
    Found 1-bit register for signal <pivo>.
    Summary:
	inferred   1 Counter(s).
	inferred   1 D-type flip-flop(s).
Unit <divclock> synthesized.


Synthesizing Unit <contador>.
    Related source file is "D:/Documentos/PUC-SP/01-2019/DSD/Timer/Timer/contador.vhd".
    Found 4-bit down counter for signal <R>.
    Summary:
	inferred   1 Counter(s).
Unit <contador> synthesized.


Synthesizing Unit <contadorcinco>.
    Related source file is "D:/Documentos/PUC-SP/01-2019/DSD/Timer/Timer/contadorcinco.vhd".
    Found 4-bit down counter for signal <R>.
    Summary:
	inferred   1 Counter(s).
Unit <contadorcinco> synthesized.


Synthesizing Unit <hex7seg>.
    Related source file is "D:/Documentos/PUC-SP/01-2019/DSD/Timer/Timer/hex7seg.vhd".
    Found 16x7-bit ROM for signal <display>.
    Summary:
	inferred   1 ROM(s).
Unit <hex7seg> synthesized.


Synthesizing Unit <display>.
    Related source file is "D:/Documentos/PUC-SP/01-2019/DSD/Timer/Timer/mux.vhd".
WARNING:Xst:653 - Signal <prescaler> is used but never assigned. This sourceless signal will be automatically connected to value 11000011010100000.
    Found 2-bit up counter for signal <counter>.
    Found 17-bit up counter for signal <prescaler_counter>.
    Found 1-of-4 decoder for signal <r_anodes>.
    Summary:
	inferred   2 Counter(s).
	inferred   1 Decoder(s).
Unit <display> synthesized.


Synthesizing Unit <fd>.
    Related source file is "D:/Documentos/PUC-SP/01-2019/DSD/Timer/Timer/fd.vhd".
Unit <fd> synthesized.


=========================================================================
HDL Synthesis Report

Macro Statistics
# ROMs                                                 : 4
 16x7-bit ROM                                          : 4
# Counters                                             : 7
 17-bit up counter                                     : 1
 2-bit up counter                                      : 1
 25-bit up counter                                     : 1
 4-bit down counter                                    : 4
# Registers                                            : 1
 1-bit register                                        : 1
# Decoders                                             : 1
 1-of-4 decoder                                        : 1

=========================================================================

=========================================================================
*                       Advanced HDL Synthesis                          *
=========================================================================

WARNING:Xst:79 - Model 'fd' has different characteristics in destination library
WARNING:Xst:80 - Model name has been changed to 'fd1'

=========================================================================
Advanced HDL Synthesis Report

Macro Statistics
# ROMs                                                 : 4
 16x7-bit ROM                                          : 4
# Counters                                             : 7
 17-bit up counter                                     : 1
 2-bit up counter                                      : 1
 25-bit up counter                                     : 1
 4-bit down counter                                    : 4
# Registers                                            : 1
 Flip-Flops                                            : 1
# Decoders                                             : 1
 1-of-4 decoder                                        : 1

=========================================================================

=========================================================================
*                         Low Level Synthesis                           *
=========================================================================

Optimizing unit <fd1> ...
WARNING:Xst:1710 - FF/Latch <contadD/R_3> (without init value) has a constant value of 0 in block <fd1>. This FF/Latch will be trimmed during the optimization process.
WARNING:Xst:1710 - FF/Latch <contadD/R_3> (without init value) has a constant value of 0 in block <fd1>. This FF/Latch will be trimmed during the optimization process.

Optimizing unit <display> ...

Mapping all equations...
Building and optimizing final netlist ...
Found area constraint ratio of 100 (+ 5) on block fd1, actual ratio is 10.

Final Macro Processing ...

=========================================================================
Final Register Report

Macro Statistics
# Registers                                            : 60
 Flip-Flops                                            : 60

=========================================================================

=========================================================================
*                           Partition Report                            *
=========================================================================

Partition Implementation Status
-------------------------------

  No Partitions were found in this design.

-------------------------------

=========================================================================
*                            Final Report                               *
=========================================================================
Final Results
RTL Top Level Output File Name     : fd.ngr
Top Level Output File Name         : fd
Output Format                      : NGC
Optimization Goal                  : Speed
Keep Hierarchy                     : No

Design Statistics
# IOs                              : 15

Cell Usage :
# BELS                             : 259
#      GND                         : 1
#      INV                         : 10
#      LUT1                        : 40
#      LUT2                        : 31
#      LUT2_L                      : 2
#      LUT3                        : 19
#      LUT3_L                      : 1
#      LUT4                        : 45
#      LUT4_D                      : 1
#      MUXCY                       : 52
#      MUXF5                       : 14
#      VCC                         : 1
#      XORCY                       : 42
# FlipFlops/Latches                : 60
#      FDCE                        : 33
#      FDE                         : 2
#      FDPE                        : 8
#      FDR                         : 17
# Clock Buffers                    : 1
#      BUFGP                       : 1
# IO Buffers                       : 14
#      IBUF                        : 2
#      OBUF                        : 12
=========================================================================

Device utilization summary:
---------------------------

Selected Device : 3s100ecp132-4 

 Number of Slices:                       77  out of    960     8%  
 Number of Slice Flip Flops:             60  out of   1920     3%  
 Number of 4 input LUTs:                149  out of   1920     7%  
 Number of IOs:                          15
 Number of bonded IOBs:                  15  out of     83    18%  
 Number of GCLKs:                         1  out of     24     4%  

---------------------------
Partition Resource Summary:
---------------------------

  No Partitions were found in this design.

---------------------------


=========================================================================
TIMING REPORT

NOTE: THESE TIMING NUMBERS ARE ONLY A SYNTHESIS ESTIMATE.
      FOR ACCURATE TIMING INFORMATION PLEASE REFER TO THE TRACE REPORT
      GENERATED AFTER PLACE-and-ROUTE.

Clock Information:
------------------
-----------------------------------+------------------------+-------+
Clock Signal                       | Clock buffer(FF name)  | Load  |
-----------------------------------+------------------------+-------+
clock                              | BUFGP                  | 45    |
div/pivo                           | NONE(contadC/R_1)      | 15    |
-----------------------------------+------------------------+-------+
INFO:Xst:2169 - HDL ADVISOR - Some clock signals were not automatically buffered by XST with BUFG/BUFR resources. Please use the buffer_type constraint in order to insert these buffers to the clock signals to help prevent skew problems.

Asynchronous Control Signals Information:
----------------------------------------
-----------------------------------+------------------------+-------+
Control Signal                     | Buffer(FF name)        | Load  |
-----------------------------------+------------------------+-------+
reset                              | IBUF                   | 41    |
-----------------------------------+------------------------+-------+

Timing Summary:
---------------
Speed Grade: -4

   Minimum period: 6.094ns (Maximum Frequency: 164.087MHz)
   Minimum input arrival time before clock: 5.630ns
   Maximum output required time after clock: 8.409ns
   Maximum combinational path delay: No path found

Timing Detail:
--------------
All values displayed in nanoseconds (ns)

=========================================================================
Timing constraint: Default period analysis for Clock 'clock'
  Clock period: 6.094ns (frequency: 164.087MHz)
  Total number of paths / destination ports: 1455 / 65
-------------------------------------------------------------------------
Delay:               6.094ns (Levels of Logic = 8)
  Source:            div/IQ_9 (FF)
  Destination:       div/pivo (FF)
  Source Clock:      clock rising
  Destination Clock: clock rising

  Data Path: div/IQ_9 to div/pivo
                                Gate     Net
    Cell:in->out      fanout   Delay   Delay  Logical Name (Net Name)
    ----------------------------------------  ------------
     FDCE:C->Q             2   0.591   0.622  div/IQ_9 (div/IQ_9)
     LUT4:I0->O            1   0.704   0.000  div/IQ_cmp_eq0000_wg_lut<1> (div/IQ_cmp_eq0000_wg_lut<1>)
     MUXCY:S->O            1   0.464   0.000  div/IQ_cmp_eq0000_wg_cy<1> (div/IQ_cmp_eq0000_wg_cy<1>)
     MUXCY:CI->O           1   0.059   0.000  div/IQ_cmp_eq0000_wg_cy<2> (div/IQ_cmp_eq0000_wg_cy<2>)
     MUXCY:CI->O           1   0.059   0.000  div/IQ_cmp_eq0000_wg_cy<3> (div/IQ_cmp_eq0000_wg_cy<3>)
     MUXCY:CI->O           1   0.059   0.000  div/IQ_cmp_eq0000_wg_cy<4> (div/IQ_cmp_eq0000_wg_cy<4>)
     MUXCY:CI->O           1   0.059   0.000  div/IQ_cmp_eq0000_wg_cy<5> (div/IQ_cmp_eq0000_wg_cy<5>)
     MUXCY:CI->O          26   0.459   1.339  div/IQ_cmp_eq0000_wg_cy<6> (div/IQ_cmp_eq0000)
     LUT2:I1->O            1   0.704   0.420  div/pivo_not00021 (div/pivo_not0002)
     FDCE:CE                   0.555          div/pivo
    ----------------------------------------
    Total                      6.094ns (3.713ns logic, 2.381ns route)
                                       (60.9% logic, 39.1% route)

=========================================================================
Timing constraint: Default period analysis for Clock 'div/pivo'
  Clock period: 5.772ns (frequency: 173.250MHz)
  Total number of paths / destination ports: 130 / 26
-------------------------------------------------------------------------
Delay:               5.772ns (Levels of Logic = 3)
  Source:            contadB/R_1 (FF)
  Destination:       contadD/R_0 (FF)
  Source Clock:      div/pivo rising
  Destination Clock: div/pivo rising

  Data Path: contadB/R_1 to contadD/R_0
                                Gate     Net
    Cell:in->out      fanout   Delay   Delay  Logical Name (Net Name)
    ----------------------------------------  ------------
     FDCE:C->Q            11   0.591   1.108  contadB/R_1 (contadB/R_1)
     LUT4_D:I0->O          1   0.704   0.424  expressionB31 (expressionB_bdd2)
     LUT4:I3->O            2   0.704   0.451  expressionC3 (expressionC_bdd2)
     LUT4:I3->O            3   0.704   0.531  expressionC1 (expressionC)
     FDPE:CE                   0.555          contadD/R_0
    ----------------------------------------
    Total                      5.772ns (3.258ns logic, 2.514ns route)
                                       (56.4% logic, 43.6% route)

=========================================================================
Timing constraint: Default OFFSET IN BEFORE for Clock 'clock'
  Total number of paths / destination ports: 26 / 26
-------------------------------------------------------------------------
Offset:              4.335ns (Levels of Logic = 2)
  Source:            enableCont (PAD)
  Destination:       div/pivo (FF)
  Destination Clock: clock rising

  Data Path: enableCont to div/pivo
                                Gate     Net
    Cell:in->out      fanout   Delay   Delay  Logical Name (Net Name)
    ----------------------------------------  ------------
     IBUF:I->O            33   1.218   1.438  enableCont_IBUF (enableCont_IBUF)
     LUT2:I0->O            1   0.704   0.420  div/pivo_not00021 (div/pivo_not0002)
     FDCE:CE                   0.555          div/pivo
    ----------------------------------------
    Total                      4.335ns (2.477ns logic, 1.858ns route)
                                       (57.1% logic, 42.9% route)

=========================================================================
Timing constraint: Default OFFSET IN BEFORE for Clock 'div/pivo'
  Total number of paths / destination ports: 15 / 15
-------------------------------------------------------------------------
Offset:              5.630ns (Levels of Logic = 3)
  Source:            enableCont (PAD)
  Destination:       contadC/R_1 (FF)
  Destination Clock: div/pivo rising

  Data Path: enableCont to contadC/R_1
                                Gate     Net
    Cell:in->out      fanout   Delay   Delay  Logical Name (Net Name)
    ----------------------------------------  ------------
     IBUF:I->O            33   1.218   1.438  enableCont_IBUF (enableCont_IBUF)
     LUT3:I0->O            1   0.704   0.424  expressionB1_SW0 (N6)
     LUT4:I3->O            4   0.704   0.587  expressionB1 (expressionB)
     FDCE:CE                   0.555          contadC/R_1
    ----------------------------------------
    Total                      5.630ns (3.181ns logic, 2.449ns route)
                                       (56.5% logic, 43.5% route)

=========================================================================
Timing constraint: Default OFFSET OUT AFTER for Clock 'div/pivo'
  Total number of paths / destination ports: 120 / 8
-------------------------------------------------------------------------
Offset:              8.409ns (Levels of Logic = 4)
  Source:            contadB/R_1 (FF)
  Destination:       final_count (PAD)
  Source Clock:      div/pivo rising

  Data Path: contadB/R_1 to final_count
                                Gate     Net
    Cell:in->out      fanout   Delay   Delay  Logical Name (Net Name)
    ----------------------------------------  ------------
     FDCE:C->Q            11   0.591   1.108  contadB/R_1 (contadB/R_1)
     LUT4_D:I0->O          1   0.704   0.424  expressionB31 (expressionB_bdd2)
     LUT4:I3->O            2   0.704   0.482  expressionC3 (expressionC_bdd2)
     LUT3:I2->O            1   0.704   0.420  final_count235 (final_count_OBUF)
     OBUF:I->O                 3.272          final_count_OBUF (final_count)
    ----------------------------------------
    Total                      8.409ns (5.975ns logic, 2.434ns route)
                                       (71.1% logic, 28.9% route)

=========================================================================
Timing constraint: Default OFFSET OUT AFTER for Clock 'clock'
  Total number of paths / destination ports: 29 / 11
-------------------------------------------------------------------------
Offset:              7.310ns (Levels of Logic = 3)
  Source:            mux/counter_1 (FF)
  Destination:       saida<6> (PAD)
  Source Clock:      clock rising

  Data Path: mux/counter_1 to saida<6>
                                Gate     Net
    Cell:in->out      fanout   Delay   Delay  Logical Name (Net Name)
    ----------------------------------------  ------------
     FDE:C->Q             19   0.591   1.085  mux/counter_1 (mux/counter_1)
     MUXF5:S->O            1   0.739   0.499  mux/sevenseg<2>165 (mux/sevenseg<2>165)
     LUT3:I1->O            1   0.704   0.420  mux/sevenseg<2>197 (saida_2_OBUF)
     OBUF:I->O                 3.272          saida_2_OBUF (saida<2>)
    ----------------------------------------
    Total                      7.310ns (5.306ns logic, 2.004ns route)
                                       (72.6% logic, 27.4% route)

=========================================================================


Total REAL time to Xst completion: 13.00 secs
Total CPU time to Xst completion: 12.23 secs
 
--> 

Total memory usage is 4487540 kilobytes

Number of errors   :    5 (   0 filtered)
Number of warnings :    6 (   0 filtered)
Number of infos    :    2 (   0 filtered)

